CMM522_code
name.txt
outputs
research.txt
search.log
search.txt
search.txt2
slurm-2433882.out
slurm-2436011.out
slurm-2447215.out
slurm-2447227.out
slurm-2447249.out
slurm-2447269.out
slurm-2447324.out
slurm-2454225.out
variables.txt
I gotta embrace the marble
I gotta sniff the marble
I gotta lick the marble
I gotta wash the marble
I gotta date the marble
I gotta be the marble
grep "abs" verbs.sbatch
Detailed performance metrics for this job will be available at https://metrics.hpc.arizona.edu/#job_viewer?action=show&realm=SUPREMM&resource_id=5&local_job_id=2455153 by 8am on 2023/09/14.
